e:\vs_save\directx_nogun\directx_nogun\x64\debug\vc143.pdb
e:\vs_save\directx_nogun\directx_nogun\x64\debug\vc143.idb
e:\vs_save\directx_nogun\directx_nogun\x64\debug\utility.obj
e:\vs_save\directx_nogun\directx_nogun\x64\debug\system.obj
e:\vs_save\directx_nogun\directx_nogun\x64\debug\project.obj
e:\vs_save\directx_nogun\directx_nogun\x64\debug\object.obj
e:\vs_save\directx_nogun\directx_nogun\x64\debug\meshloader.obj
e:\vs_save\directx_nogun\directx_nogun\x64\debug\keymanager.obj
e:\vs_save\directx_nogun\directx_nogun\x64\debug\display.obj
e:\vs_save\directx_nogun\directx_nogun\x64\debug\camera.obj
e:\vs_save\directx_nogun\directx_nogun\x64\debug\lightobject.obj
e:\vs_save\directx_nogun\directx_nogun\x64\debug\graphicspso.obj
e:\vs_save\directx_nogun\directx_nogun\x64\debug\graphicscommon.obj
e:\vs_save\directx_nogun\x64\debug\assimp-vc143-mtd.dll
e:\vs_save\directx_nogun\x64\debug\minizip.dll
e:\vs_save\directx_nogun\x64\debug\zlibd1.dll
e:\vs_save\directx_nogun\x64\debug\pugixml.dll
e:\vs_save\directx_nogun\x64\debug\basicps.cso
e:\vs_save\directx_nogun\x64\debug\basicvs.cso
e:\vs_save\directx_nogun\x64\debug\skyboxps.cso
e:\vs_save\directx_nogun\x64\debug\skyboxvs.cso
e:\vs_save\directx_nogun\x64\debug\directx_nogun.exe
e:\vs_save\directx_nogun\x64\debug\directx_nogun.pdb
e:\vs_save\directx_nogun\directx_nogun\x64\debug\directx_nogun.ilk
e:\vs_save\directx_nogun\directx_nogun\x64\debug\resource.obj
e:\vs_save\directx_nogun\directx_nogun\x64\debug\tmp.obj
e:\vs_save\directx_nogun\directx_nogun\x64\debug\directx_nogun.tlog\cl.command.1.tlog
e:\vs_save\directx_nogun\directx_nogun\x64\debug\directx_nogun.tlog\cl.items.tlog
e:\vs_save\directx_nogun\directx_nogun\x64\debug\directx_nogun.tlog\cl.read.1.tlog
e:\vs_save\directx_nogun\directx_nogun\x64\debug\directx_nogun.tlog\cl.write.1.tlog
e:\vs_save\directx_nogun\directx_nogun\x64\debug\directx_nogun.tlog\directx_nogun.write.1u.tlog
e:\vs_save\directx_nogun\directx_nogun\x64\debug\directx_nogun.tlog\fxc.command.1.tlog
e:\vs_save\directx_nogun\directx_nogun\x64\debug\directx_nogun.tlog\fxc.read.1.tlog
e:\vs_save\directx_nogun\directx_nogun\x64\debug\directx_nogun.tlog\fxc.write.1.tlog
e:\vs_save\directx_nogun\directx_nogun\x64\debug\directx_nogun.tlog\link.command.1.tlog
e:\vs_save\directx_nogun\directx_nogun\x64\debug\directx_nogun.tlog\link.read.1.tlog
e:\vs_save\directx_nogun\directx_nogun\x64\debug\directx_nogun.tlog\link.secondary.1.tlog
e:\vs_save\directx_nogun\directx_nogun\x64\debug\directx_nogun.tlog\link.write.1.tlog
